<?xml version="1.0" encoding="UTF-8"?>
<!-- Generated by org.testng.reporters.JUnitReportReporter -->
<testsuite hostname="QT-INNO-LT1439" failures="0" tests="13" name="com.test.Test_PracticePage" time="0.009" errors="1" timestamp="2022-03-13T14:15:17 IST" skipped="12">
  <testcase classname="com.test.Test_PracticePage" name="launchBrowser" time="0.009">
    <error message="Cannot invoke &quot;org.apache.log4j.Logger.info(Object)&quot; because &quot;this.logger&quot; is null" type="java.lang.NullPointerException">
      <![CDATA[java.lang.NullPointerException: Cannot invoke "org.apache.log4j.Logger.info(Object)" because "this.logger" is null
at com.test.TestBase.initialization(TestBase.java:23)
at com.test.Test_PracticePage.launchBrowser(Test_PracticePage.java:16)
at java.base/jdk.internal.reflect.NativeMethodAccessorImpl.invoke0(Native Method)
at java.base/jdk.internal.reflect.NativeMethodAccessorImpl.invoke(NativeMethodAccessorImpl.java:77)
at java.base/jdk.internal.reflect.DelegatingMethodAccessorImpl.invoke(DelegatingMethodAccessorImpl.java:43)
at java.base/java.lang.reflect.Method.invoke(Method.java:568)
at org.testng.internal.MethodInvocationHelper.invokeMethod(MethodInvocationHelper.java:133)
at org.testng.internal.MethodInvocationHelper.invokeMethodConsideringTimeout(MethodInvocationHelper.java:62)
at org.testng.internal.ConfigInvoker.invokeConfigurationMethod(ConfigInvoker.java:385)
at org.testng.internal.ConfigInvoker.invokeConfigurations(ConfigInvoker.java:321)
at org.testng.TestRunner.invokeTestConfigurations(TestRunner.java:637)
at org.testng.TestRunner.beforeRun(TestRunner.java:627)
at org.testng.TestRunner.run(TestRunner.java:589)
at org.testng.SuiteRunner.runTest(SuiteRunner.java:377)
at org.testng.SuiteRunner.runSequentially(SuiteRunner.java:371)
at org.testng.SuiteRunner.privateRun(SuiteRunner.java:332)
at org.testng.SuiteRunner.run(SuiteRunner.java:276)
at org.testng.SuiteRunnerWorker.runSuite(SuiteRunnerWorker.java:53)
at org.testng.SuiteRunnerWorker.run(SuiteRunnerWorker.java:96)
at org.testng.TestNG.runSuitesSequentially(TestNG.java:1212)
at org.testng.TestNG.runSuitesLocally(TestNG.java:1134)
at org.testng.TestNG.runSuites(TestNG.java:1063)
at org.testng.TestNG.run(TestNG.java:1031)
at org.testng.remote.AbstractRemoteTestNG.run(AbstractRemoteTestNG.java:115)
at org.testng.remote.RemoteTestNG.initAndRun(RemoteTestNG.java:251)
at org.testng.remote.RemoteTestNG.main(RemoteTestNG.java:77)
]]>
    </error>
  </testcase> <!-- launchBrowser -->
  <system-out/>
  <testcase classname="com.test.Test_PracticePage" name="test_selectRadioButton" time="0.000">
    <skipped/>
  </testcase> <!-- test_selectRadioButton -->
  <system-out/>
  <testcase classname="com.test.Test_PracticePage" name="test_selectClassExample" time="0.000">
    <skipped/>
  </testcase> <!-- test_selectClassExample -->
  <system-out/>
  <testcase classname="com.test.Test_PracticePage" name="test_multipleSelect" time="0.000">
    <skipped/>
  </testcase> <!-- test_multipleSelect -->
  <system-out/>
  <testcase classname="com.test.Test_PracticePage" name="test_checkBoxExample" time="0.000">
    <skipped/>
  </testcase> <!-- test_checkBoxExample -->
  <system-out/>
  <testcase classname="com.test.Test_PracticePage" name="test_swithWindowExample" time="0.000">
    <skipped/>
  </testcase> <!-- test_swithWindowExample -->
  <system-out/>
  <testcase classname="com.test.Test_PracticePage" name="test_swithTabExample" time="0.000">
    <skipped/>
  </testcase> <!-- test_swithTabExample -->
  <system-out/>
  <testcase classname="com.test.Test_PracticePage" name="test_SwitchToAlertExample" time="0.000">
    <skipped/>
  </testcase> <!-- test_SwitchToAlertExample -->
  <system-out/>
  <testcase classname="com.test.Test_PracticePage" name="test_WebTableExample" time="0.000">
    <skipped/>
  </testcase> <!-- test_WebTableExample -->
  <system-out/>
  <testcase classname="com.test.Test_PracticePage" name="test_EnableDisableExample" time="0.000">
    <skipped/>
  </testcase> <!-- test_EnableDisableExample -->
  <system-out/>
  <testcase classname="com.test.Test_PracticePage" name="test_ElementDisplayedExample" time="0.000">
    <skipped/>
  </testcase> <!-- test_ElementDisplayedExample -->
  <system-out/>
  <testcase classname="com.test.Test_PracticePage" name="test_MouseHoverExample" time="0.000">
    <skipped/>
  </testcase> <!-- test_MouseHoverExample -->
  <system-out/>
  <testcase classname="com.test.Test_PracticePage" name="test_IFrame" time="0.000">
    <skipped/>
  </testcase> <!-- test_IFrame -->
  <system-out/>
</testsuite> <!-- com.test.Test_PracticePage -->
