<?xml version="1.0" encoding="UTF-8"?>
<!-- Generated by org.testng.reporters.JUnitReportReporter -->
<testsuite hostname="QT-INNO-LT1439" failures="0" tests="6" name="com.test.Test_PracticePage" time="11.799" errors="0" timestamp="2022-03-11T13:19:34 IST" skipped="0">
  <testcase classname="com.test.Test_PracticePage" name="test_selectRadioButton" time="0.102"/>
  <system-out/>
  <testcase classname="com.test.Test_PracticePage" name="test_selectClassExample" time="0.082"/>
  <system-out/>
  <testcase classname="com.test.Test_PracticePage" name="test_multipleSelect" time="0.191"/>
  <system-out/>
  <testcase classname="com.test.Test_PracticePage" name="test_checkBoxExample" time="0.146"/>
  <system-out/>
  <testcase classname="com.test.Test_PracticePage" name="test_swithWindowExample" time="5.261"/>
  <system-out/>
  <testcase classname="com.test.Test_PracticePage" name="test_swithTabExample" time="6.017"/>
  <system-out/>
</testsuite> <!-- com.test.Test_PracticePage -->
