<?xml version="1.0" encoding="UTF-8"?>
<!-- Generated by org.testng.reporters.JUnitReportReporter -->
<testsuite hostname="QT-INNO-LT1439" failures="0" tests="6" name="com.test.Test1" time="13.568" errors="0" timestamp="2022-03-10T13:57:41 IST" skipped="0">
  <testcase classname="com.test.Test1" name="selectRadioButton" time="0.135"/>
  <system-out/>
  <testcase classname="com.test.Test1" name="selectClassExample" time="0.216"/>
  <system-out/>
  <testcase classname="com.test.Test1" name="multipleSelect" time="0.100"/>
  <system-out/>
  <testcase classname="com.test.Test1" name="checkBoxExample" time="0.100"/>
  <system-out/>
  <testcase classname="com.test.Test1" name="swithWindowExample" time="7.047"/>
  <system-out/>
  <testcase classname="com.test.Test1" name="swithTabExample" time="5.970"/>
  <system-out/>
</testsuite> <!-- com.test.Test1 -->
