<?xml version="1.0" encoding="UTF-8"?>
<!-- Generated by org.testng.reporters.JUnitReportReporter -->
<testsuite hostname="QT-INNO-LT1439" failures="0" tests="11" name="com.test.Test_PracticePage" time="19.983" errors="0" timestamp="2022-03-13T15:03:21 IST" skipped="0">
  <testcase classname="com.test.Test_PracticePage" name="test_selectRadioButton" time="0.301"/>
  <system-out/>
  <testcase classname="com.test.Test_PracticePage" name="test_selectClassExample" time="0.233"/>
  <system-out/>
  <testcase classname="com.test.Test_PracticePage" name="test_multipleSelect" time="0.191"/>
  <system-out/>
  <testcase classname="com.test.Test_PracticePage" name="test_checkBoxExample" time="0.404"/>
  <system-out/>
  <testcase classname="com.test.Test_PracticePage" name="test_swithWindowExample" time="1.133"/>
  <system-out/>
  <testcase classname="com.test.Test_PracticePage" name="test_swithTabExample" time="6.878"/>
  <system-out/>
  <testcase classname="com.test.Test_PracticePage" name="test_SwitchToAlertExample" time="0.519"/>
  <system-out/>
  <testcase classname="com.test.Test_PracticePage" name="test_WebTableExample" time="2.738"/>
  <system-out/>
  <testcase classname="com.test.Test_PracticePage" name="test_EnableDisableExample" time="0.378"/>
  <system-out/>
  <testcase classname="com.test.Test_PracticePage" name="test_ElementDisplayedExample" time="0.363"/>
  <system-out/>
  <testcase classname="com.test.Test_PracticePage" name="test_MouseHoverExample" time="6.845"/>
  <system-out/>
</testsuite> <!-- com.test.Test_PracticePage -->
