<?xml version="1.0" encoding="UTF-8"?>
<!-- Generated by org.testng.reporters.JUnitReportReporter -->
<testsuite hostname="QT-INNO-LT1439" failures="0" tests="6" name="com.test.Test_PracticePage" time="13.625" errors="0" timestamp="2022-03-10T15:56:59 IST" skipped="0">
  <testcase classname="com.test.Test_PracticePage" name="test_selectRadioButton" time="0.250"/>
  <system-out/>
  <testcase classname="com.test.Test_PracticePage" name="test_selectClassExample" time="0.179"/>
  <system-out/>
  <testcase classname="com.test.Test_PracticePage" name="test_multipleSelect" time="0.087"/>
  <system-out/>
  <testcase classname="com.test.Test_PracticePage" name="test_checkBoxExample" time="0.099"/>
  <system-out/>
  <testcase classname="com.test.Test_PracticePage" name="test_swithWindowExample" time="6.453"/>
  <system-out/>
  <testcase classname="com.test.Test_PracticePage" name="test_swithTabExample" time="6.557"/>
  <system-out/>
</testsuite> <!-- com.test.Test_PracticePage -->
